<?xml version="1.0" encoding="UTF-8"?>
<!-- Generated by org.testng.reporters.JUnitXMLReporter -->
<testsuite ignored="0" hostname="SaikatPC" failures="0" tests="7" name="mytest" time="9.333" errors="0" timestamp="2025-06-25T21:38:38 CEST">
  <testcase classname="day42.OrangeHRM" name="openapp" time="4.316"/>
  <testcase classname="day42.OrangeHRM" name="testLogo" time="3.107"/>
  <testcase classname="day42.OrangeHRM" name="testLogin" time="1.454"/>
  <testcase classname="day42.OrangeHRM" name="closeApp" time="0.338"/>
  <testcase classname="day42.FirstTestNGProg" name="open" time="0.004"/>
  <testcase classname="day42.FirstTestNGProg" name="login" time="0.003"/>
  <testcase classname="day42.FirstTestNGProg" name="logout" time="0.001"/>
</testsuite> <!-- mytest -->
