<?xml version="1.0" encoding="UTF-8"?>
<testng-results ignored="0" total="3" passed="3" failed="0" skipped="0">
  <reporter-output>
  </reporter-output>
  <suite started-at="2025-08-05T11:01:06 CEST" name="Default suite" finished-at="2025-08-05T11:01:06 CEST" duration-ms="95">
    <groups>
    </groups>
    <test started-at="2025-08-05T11:01:06 CEST" name="Default test" finished-at="2025-08-05T11:01:06 CEST" duration-ms="95">
      <class name="day42.FirstTestNGProg">
        <test-method signature="open()[pri:1, instance:day42.FirstTestNGProg@75ed9710]" started-at="2025-08-05T11:01:06 CEST" name="open" finished-at="2025-08-05T11:01:06 CEST" duration-ms="14" status="PASS">
          <reporter-output>
          </reporter-output>
        </test-method> <!-- open -->
        <test-method signature="login()[pri:2, instance:day42.FirstTestNGProg@75ed9710]" started-at="2025-08-05T11:01:06 CEST" name="login" finished-at="2025-08-05T11:01:06 CEST" duration-ms="1" status="PASS">
          <reporter-output>
          </reporter-output>
        </test-method> <!-- login -->
        <test-method signature="logout()[pri:3, instance:day42.FirstTestNGProg@75ed9710]" started-at="2025-08-05T11:01:06 CEST" name="logout" finished-at="2025-08-05T11:01:06 CEST" duration-ms="2" status="PASS">
          <reporter-output>
          </reporter-output>
        </test-method> <!-- logout -->
      </class> <!-- day42.FirstTestNGProg -->
    </test> <!-- Default test -->
  </suite> <!-- Default suite -->
</testng-results>
